13.3s 1 /kaggle/input/fashion-reliance-trends/Reliance Trends Fashion.csv
16.0s 2 No of rows are: 31582 and No of columns are: 9
16.4s 3 <class 'pandas.core.frame.DataFrame'>
16.4s 4 Int64Index: 31018 entries, 0 to 31581
16.4s 5 Data columns (total 9 columns):
16.4s 6 #   Column                   Non-Null Count  Dtype
16.4s 7 ---  ------                   --------------  -----
16.4s 8 0   Brand                    31018 non-null  object
16.4s 9 1   Description              31018 non-null  object
16.4s 10 2   Image_URL                31018 non-null  object
16.4s 11 3   Product_ID               31018 non-null  int64
16.4s 12 4   Discount_Price (in Rs.)  31018 non-null  object
16.4s 13 5   Original_Price (in Rs.)  31018 non-null  object
16.4s 14 6   Product_URL              31018 non-null  object
16.4s 15 7   Category_by_gender       31018 non-null  object
16.4s 16 8   Category                 31018 non-null  object
16.4s 17 dtypes: int64(1), object(8)
16.4s 18 memory usage: 2.4+ MB
16.5s 19 <class 'pandas.core.frame.DataFrame'>
16.5s 20 Int64Index: 31018 entries, 0 to 31581
16.5s 21 Data columns (total 9 columns):
16.5s 22 #   Column                   Non-Null Count  Dtype
16.5s 23 ---  ------                   --------------  -----
16.5s 24 0   Brand                    31018 non-null  object
16.5s 25 1   Description              31018 non-null  object
16.5s 26 2   Image_URL                31018 non-null  object
16.5s 27 3   Product_ID               31018 non-null  int64
16.5s 28 4   Discount_Price (in Rs.)  31018 non-null  float64
16.5s 29 5   Original_Price (in Rs.)  31018 non-null  float64
16.5s 30 6   Product_URL              31018 non-null  object
16.5s 31 7   Category_by_gender       31018 non-null  object
16.5s 32 8   Category                 31018 non-null  object
16.5s 33 dtypes: float64(2), int64(1), object(6)
16.5s 34 memory usage: 2.4+ MB
23.2s 35 /opt/conda/lib/python3.7/site-packages/seaborn/_decorators.py:43: FutureWarning: Pass the following variables as keyword args: x, y. From version 0.12, the only valid positional argument will be `data`, and passing other arguments without an explicit keyword will result in an error or misinterpretation.
23.2s 36 FutureWarning
27.1s 37 /opt/conda/lib/python3.7/site-packages/traitlets/traitlets.py:2755: FutureWarning: --Exporter.preprocessors=["remove_papermill_header.RemovePapermillHeader"] for containers is deprecated in traitlets 5.0. You can pass `--Exporter.preprocessors item` ... multiple times to add items to a list.
27.1s 38 FutureWarning,
27.1s 39 [NbConvertApp] Converting notebook __notebook__.ipynb to notebook
27.4s 40 [NbConvertApp] Writing 360613 bytes to __notebook__.ipynb
29.8s 41 /opt/conda/lib/python3.7/site-packages/traitlets/traitlets.py:2755: FutureWarning: --Exporter.preprocessors=["nbconvert.preprocessors.ExtractOutputPreprocessor"] for containers is deprecated in traitlets 5.0. You can pass `--Exporter.preprocessors item` ... multiple times to add items to a list.
29.8s 42 FutureWarning,
29.8s 43 [NbConvertApp] Converting notebook __notebook__.ipynb to html
30.6s 44 [NbConvertApp] Support files will be in __results___files/
30.6s 45 [NbConvertApp] Making directory __results___files
30.6s 46 [NbConvertApp] Making directory __results___files
30.6s 47 [NbConvertApp] Making directory __results___files
30.6s 48 [NbConvertApp] Making directory __results___files
30.6s 49 [NbConvertApp] Making directory __results___files
30.6s 50 [NbConvertApp] Making directory __results___files
30.6s 51 [NbConvertApp] Making directory __results___files
30.6s 52 [NbConvertApp] Making directory __results___files
30.6s 53 [NbConvertApp] Writing 325863 bytes to __results__.html
